<?xml version="1.0" encoding="UTF-8"?>
<!-- Generated by org.testng.reporters.JUnitXMLReporter -->
<testsuite hostname="Sai-PC" ignored="0" name="Test" tests="7" failures="2" timestamp="2021-02-16T13:55:08 IST" time="0.27" errors="0">
  <testcase name="B" time="0.033" classname="automation.carparking">
    <failure type="java.lang.AssertionError" message="null">
      <![CDATA[java.lang.AssertionError: null
at automation.carparking.B(carparking.java:24)
at java.util.ArrayList.forEach(Unknown Source)
... Removed 29 stack frames]]>
    </failure>
  </testcase> <!-- B -->
  <testcase name="C" time="0.01" classname="automation.carparking"/>
  <testcase name="onehour" time="0.008" classname="automation.carparking"/>
  <testcase name="banking" time="0.004" classname="automation.bikeparking"/>
  <testcase name="banking" time="0.003" classname="automation.bikeparking"/>
  <testcase name="banking" time="0.012" classname="automation.bikeparking"/>
  <testcase name="onehour" time="0.005" classname="automation.busparking">
    <failure type="java.lang.AssertionError" message="null">
      <![CDATA[java.lang.AssertionError: null
at automation.busparking.onehour(busparking.java:12)
at java.util.ArrayList.forEach(Unknown Source)
... Removed 29 stack frames]]>
    </failure>
  </testcase> <!-- onehour -->
</testsuite> <!-- Test -->
